[debug] [2025-08-05T14:21:20.256Z] ----------------------------------------------------------------------
[debug] [2025-08-05T14:21:20.259Z] Command:       C:\Program Files\nodejs\node.exe C:\Users\Kanhaiya\AppData\Roaming\npm\node_modules\firebase-tools\lib\bin\firebase.js init
[debug] [2025-08-05T14:21:20.259Z] CLI Version:   14.11.2
[debug] [2025-08-05T14:21:20.259Z] Platform:      win32
[debug] [2025-08-05T14:21:20.259Z] Node Version:  v22.18.0
[debug] [2025-08-05T14:21:20.260Z] Time:          Tue Aug 05 2025 19:51:20 GMT+0530 (India Standard Time)
[debug] [2025-08-05T14:21:20.260Z] ----------------------------------------------------------------------
[debug] 
[debug] [2025-08-05T14:21:20.264Z] > command requires scopes: ["email","openid","https://www.googleapis.com/auth/cloudplatformprojects.readonly","https://www.googleapis.com/auth/firebase","https://www.googleapis.com/auth/cloud-platform"]
[debug] [2025-08-05T14:21:20.264Z] > authorizing via signed-in user (narkhedekanhaiya@gmail.com)
[info] 
     ######## #### ########  ######## ########     ###     ######  ########
     ##        ##  ##     ## ##       ##     ##  ##   ##  ##       ##
     ######    ##  ########  ######   ########  #########  ######  ######
     ##        ##  ##    ##  ##       ##     ## ##     ##       ## ##
     ##       #### ##     ## ######## ########  ##     ##  ######  ########

You're about to initialize a Firebase project in this directory:

  C:\React\lucky-kanhaiya

Before we get started, keep in mind:

  * You are currently outside your home directory

[info] 
=== Project Setup
[info] 
[info] First, let's associate this project directory with a Firebase project.
[info] You can create multiple project aliases by running firebase use --add, 
[info] but for now we'll just set up a default project.
[info] 
[debug] [2025-08-05T14:21:29.857Z] Checked if tokens are valid: false, expires at: 1754404585946
[debug] [2025-08-05T14:21:29.857Z] Checked if tokens are valid: false, expires at: 1754404585946
[debug] [2025-08-05T14:21:29.857Z] > refreshing access token with scopes: []
[debug] [2025-08-05T14:21:29.859Z] >>> [apiv2][query] POST https://www.googleapis.com/oauth2/v3/token [none]
[debug] [2025-08-05T14:21:29.859Z] >>> [apiv2][body] POST https://www.googleapis.com/oauth2/v3/token [omitted]
[debug] [2025-08-05T14:21:30.028Z] <<< [apiv2][status] POST https://www.googleapis.com/oauth2/v3/token 200
[debug] [2025-08-05T14:21:30.028Z] <<< [apiv2][body] POST https://www.googleapis.com/oauth2/v3/token [omitted]
[debug] [2025-08-05T14:21:30.041Z] >>> [apiv2][query] GET https://firebase.googleapis.com/v1beta1/projects pageSize=100
[debug] [2025-08-05T14:21:30.954Z] <<< [apiv2][status] GET https://firebase.googleapis.com/v1beta1/projects 200
[debug] [2025-08-05T14:21:30.954Z] <<< [apiv2][body] GET https://firebase.googleapis.com/v1beta1/projects [omitted]
[info] i  Using project angular-baby (Lucky Kanhaiya) 
[info] 
=== Hosting Setup
[debug] [2025-08-05T14:21:35.439Z] Checked if tokens are valid: true, expires at: 1754407289029
[debug] [2025-08-05T14:21:35.439Z] Checked if tokens are valid: true, expires at: 1754407289029
[debug] [2025-08-05T14:21:35.439Z] >>> [apiv2][query] GET https://firebase.googleapis.com/v1beta1/projects/angular-baby [none]
[debug] [2025-08-05T14:21:35.779Z] <<< [apiv2][status] GET https://firebase.googleapis.com/v1beta1/projects/angular-baby 200
[debug] [2025-08-05T14:21:35.779Z] <<< [apiv2][body] GET https://firebase.googleapis.com/v1beta1/projects/angular-baby {"projectId":"angular-baby","projectNumber":"1080801083491","displayName":"Lucky Kanhaiya","name":"projects/angular-baby","resources":{"hostingSite":"angular-baby"},"state":"ACTIVE","etag":"1_a62207c0-fb00-44e1-8d4f-98a4add89635"}
[info] 
[info] Your public directory is the folder (relative to your project directory) that
[info] will contain Hosting assets to be uploaded with firebase deploy. If you
[info] have a build process for your assets, use your build's output directory.
[info] 
[debug] [2025-08-05T14:21:45.070Z] >>> [apiv2][query] GET https://www.gstatic.com/firebasejs/releases.json [none]
[debug] [2025-08-05T14:21:45.161Z] <<< [apiv2][status] GET https://www.gstatic.com/firebasejs/releases.json 200
[debug] [2025-08-05T14:21:45.161Z] <<< [apiv2][body] GET https://www.gstatic.com/firebasejs/releases.json {"current":{"version":"12.0.0","browserURL":"https://www.gstatic.com/firebasejs/12.0.0/firebase.js","packageURL":"https://www.gstatic.com/firebasejs/12.0.0/firebase.tgz"},"live":{"version":"12.0","browserURL":"https://www.gstatic.com/firebasejs/live/12.0/firebase.js","packageURL":"https://www.gstatic.com/firebasejs/live/12.0/firebase.tgz"},"components":{"ai":"https://www.gstatic.com/firebasejs/12.0.0/firebase-ai.js","analytics":"https://www.gstatic.com/firebasejs/12.0.0/firebase-analytics.js","app":"https://www.gstatic.com/firebasejs/12.0.0/firebase-app.js","app-check":"https://www.gstatic.com/firebasejs/12.0.0/firebase-app-check.js","auth":"https://www.gstatic.com/firebasejs/12.0.0/firebase-auth.js","auth/cordova":"https://www.gstatic.com/firebasejs/12.0.0/firebase-auth/cordova.js","auth/web-extension":"https://www.gstatic.com/firebasejs/12.0.0/firebase-auth/web-extension.js","functions":"https://www.gstatic.com/firebasejs/12.0.0/firebase-functions.js","firestore":"https://www.gstatic.com/firebasejs/12.0.0/firebase-firestore.js","firestore/lite":"https://www.gstatic.com/firebasejs/12.0.0/firebase-firestore/lite.js","installations":"https://www.gstatic.com/firebasejs/12.0.0/firebase-installations.js","storage":"https://www.gstatic.com/firebasejs/12.0.0/firebase-storage.js","performance":"https://www.gstatic.com/firebasejs/12.0.0/firebase-performance.js","remote-config":"https://www.gstatic.com/firebasejs/12.0.0/firebase-remote-config.js","messaging":"https://www.gstatic.com/firebasejs/12.0.0/firebase-messaging.js","messaging/sw":"https://www.gstatic.com/firebasejs/12.0.0/firebase-messaging/sw.js","database":"https://www.gstatic.com/firebasejs/12.0.0/firebase-database.js","data-connect":"https://www.gstatic.com/firebasejs/12.0.0/firebase-data-connect.js","firestore.memory":"https://www.gstatic.com/firebasejs/12.0.0/firebase-firestore.memory.js"}}
[info] i  Skipping write of public/index.html 
[info] 
[info] i  Detected a .git folder at C:\React\lucky-kanhaiya 
[info] i  Authorizing with GitHub to upload your service account to a GitHub repository's secrets store. 
[info] 
[info] Visit this URL on this device to log in:
[info] https://github.com/login/oauth/authorize?client_id=89cf50f02ac6aaed3484&state=926613549&redirect_uri=http%3A%2F%2Flocalhost%3A9005&scope=read%3Auser%20repo%20public_repo
[info] 
[info] Waiting for authentication...
[debug] [2025-08-05T14:21:48.393Z] >>> [apiv2][query] POST https://github.com/login/oauth/access_token [none]
[debug] [2025-08-05T14:21:48.394Z] >>> [apiv2][body] POST https://github.com/login/oauth/access_token [stream]
[debug] [2025-08-05T14:21:49.761Z] <<< [apiv2][status] POST https://github.com/login/oauth/access_token 200
[debug] [2025-08-05T14:21:49.762Z] <<< [apiv2][body] POST https://github.com/login/oauth/access_token {"access_token":"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","token_type":"bearer","scope":"read:user,repo"}
[debug] [2025-08-05T14:21:49.766Z] >>> [apiv2][query] GET https://api.github.com/user [none]
[debug] [2025-08-05T14:21:50.127Z] <<< [apiv2][status] GET https://api.github.com/user 200
[debug] [2025-08-05T14:21:50.128Z] <<< [apiv2][body] GET https://api.github.com/user {"login":"kanha97","id":67432452,"node_id":"MDQ6VXNlcjY3NDMyNDUy","avatar_url":"https://avatars.githubusercontent.com/u/67432452?v=4","gravatar_id":"","url":"https://api.github.com/users/kanha97","html_url":"https://github.com/kanha97","followers_url":"https://api.github.com/users/kanha97/followers","following_url":"https://api.github.com/users/kanha97/following{/other_user}","gists_url":"https://api.github.com/users/kanha97/gists{/gist_id}","starred_url":"https://api.github.com/users/kanha97/starred{/owner}{/repo}","subscriptions_url":"https://api.github.com/users/kanha97/subscriptions","organizations_url":"https://api.github.com/users/kanha97/orgs","repos_url":"https://api.github.com/users/kanha97/repos","events_url":"https://api.github.com/users/kanha97/events{/privacy}","received_events_url":"https://api.github.com/users/kanha97/received_events","type":"User","user_view_type":"private","site_admin":false,"name":"Android Developer Kotlin/Java","company":"devkanhaiya","blog":"","location":null,"email":null,"hireable":null,"bio":"Love to Develop Android App","twitter_username":null,"notification_email":null,"public_repos":21,"public_gists":0,"followers":2,"following":4,"created_at":"2020-06-25T16:41:44Z","updated_at":"2025-08-04T15:13:50Z","private_gists":0,"total_private_repos":7,"owned_private_repos":7,"disk_usage":56365,"collaborators":0,"two_factor_authentication":false,"plan":{"name":"free","space":976562499,"collaborators":0,"private_repos":10000}}
[info] 
[info] +  Success! Logged into GitHub as kanha97 
[info] 
